[debug] [2025-03-12T14:45:35.442Z] ----------------------------------------------------------------------
[debug] [2025-03-12T14:45:35.444Z] Command:       C:\Program Files\nodejs\node.exe C:\Program Files\nodejs\node_modules\firebase-tools\lib\bin\firebase.js init
[debug] [2025-03-12T14:45:35.444Z] CLI Version:   13.32.0
[debug] [2025-03-12T14:45:35.444Z] Platform:      win32
[debug] [2025-03-12T14:45:35.445Z] Node Version:  v20.5.0
[debug] [2025-03-12T14:45:35.445Z] Time:          Wed Mar 12 2025 15:45:35 GMT+0100 (Central European Standard Time)
[debug] [2025-03-12T14:45:35.445Z] ----------------------------------------------------------------------
[debug] 
[debug] [2025-03-12T14:45:35.457Z] >>> [apiv2][query] GET https://firebase-public.firebaseio.com/cli.json [none]
[debug] [2025-03-12T14:45:35.674Z] Object "/extensions" in "firebase.json" has unknown property: {"additionalProperty":"firestore-send-email"}
[debug] [2025-03-12T14:45:35.678Z] > command requires scopes: ["email","openid","https://www.googleapis.com/auth/cloudplatformprojects.readonly","https://www.googleapis.com/auth/firebase","https://www.googleapis.com/auth/cloud-platform"]
[debug] [2025-03-12T14:45:35.679Z] > authorizing via signed-in user (nukedev.jp@gmail.com)
[debug] [2025-03-12T14:45:35.679Z] Object "/extensions" in "firebase.json" has unknown property: {"additionalProperty":"firestore-send-email"}
[info] 
     ######## #### ########  ######## ########     ###     ######  ########
     ##        ##  ##     ## ##       ##     ##  ##   ##  ##       ##
     ######    ##  ########  ######   ########  #########  ######  ######
     ##        ##  ##    ##  ##       ##     ## ##     ##       ## ##
     ##       #### ##     ## ######## ########  ##     ##  ######  ########

You're about to initialize a Firebase project in this directory:

  D:\Users\jesus\Projects\new-neurotrack

Before we get started, keep in mind:

  * You are initializing within an existing Firebase project directory

[debug] [2025-03-12T14:45:35.959Z] <<< [apiv2][status] GET https://firebase-public.firebaseio.com/cli.json 200
[debug] [2025-03-12T14:45:35.959Z] <<< [apiv2][body] GET https://firebase-public.firebaseio.com/cli.json {"cloudBuildErrorAfter":1594252800000,"cloudBuildWarnAfter":1590019200000,"defaultNode10After":1594252800000,"minVersion":"3.0.5","node8DeploysDisabledAfter":1613390400000,"node8RuntimeDisabledAfter":1615809600000,"node8WarnAfter":1600128000000}
